


ARM Macro Assembler    Page 1 


    1 00000000         
    2 00000000         ; Amount of memory (in bytes) allocated for Stack
    3 00000000         ; Tailor this value to your application needs
    4 00000000         ; <h> Stack Configuration
    5 00000000         ;   <o> Stack Size (in Bytes) <0x0-0xFFFFFFFF:8>
    6 00000000         ; </h>
    7 00000000         
    8 00000000 00000400 
                       Stack_Size
                               EQU              0x00000400
    9 00000000         
   10 00000000                 AREA             STACK, NOINIT, READWRITE, ALIGN
=3
   11 00000000         Stack_Mem
                               SPACE            Stack_Size
   12 00000400         __initial_sp
   13 00000400         
   14 00000400         
   15 00000400         ; <h> Heap Configuration
   16 00000400         ;   <o>  Heap Size (in Bytes) <0x0-0xFFFFFFFF:8>
   17 00000400         ; </h>
   18 00000400         
   19 00000400 00000200 
                       Heap_Size
                               EQU              0x00000200
   20 00000400         
   21 00000400                 AREA             HEAP, NOINIT, READWRITE, ALIGN=
3
   22 00000000         __heap_base
   23 00000000         Heap_Mem
                               SPACE            Heap_Size
   24 00000200         __heap_limit
   25 00000200         
   26 00000200                 PRESERVE8
   27 00000200                 THUMB
   28 00000200         
   29 00000200         
   30 00000200         ; Vector Table Mapped to Address 0 at Reset
   31 00000200                 AREA             RESET, DATA, READONLY
   32 00000000                 EXPORT           __Vectors
   33 00000000                 EXPORT           __Vectors_End
   34 00000000                 EXPORT           __Vectors_Size
   35 00000000         
   36 00000000 00000000 
                       __Vectors
                               DCD              __initial_sp ; Top of Stack
   37 00000004 00000000        DCD              Reset_Handler ; Reset Handler
   38 00000008 00000000        DCD              NMI_Handler ; NMI Handler
   39 0000000C 00000000        DCD              HardFault_Handler ; Hard Fault 
                                                            Handler
   40 00000010 00000000        DCD              MemManage_Handler 
                                                            ; MPU Fault Handler
                                                            
   41 00000014 00000000        DCD              BusFault_Handler 
                                                            ; Bus Fault Handler
                                                            
   42 00000018 00000000        DCD              UsageFault_Handler ; Usage Faul
                                                            t Handler
   43 0000001C 00000000        DCD              0           ; Reserved



ARM Macro Assembler    Page 2 


   44 00000020 00000000        DCD              0           ; Reserved
   45 00000024 00000000        DCD              0           ; Reserved
   46 00000028 00000000        DCD              0           ; Reserved
   47 0000002C 00000000        DCD              SVC_Handler ; SVCall Handler
   48 00000030 00000000        DCD              DebugMon_Handler ; Debug Monito
                                                            r Handler
   49 00000034 00000000        DCD              0           ; Reserved
   50 00000038 00000000        DCD              PendSV_Handler ; PendSV Handler
                                                            
   51 0000003C 00000000        DCD              SysTick_Handler 
                                                            ; SysTick Handler
   52 00000040         
   53 00000040         ; External Interrupts
   54 00000040 00000000        DCD              WWDG_IRQHandler 
                                                            ; Window Watchdog
   55 00000044 00000000        DCD              PVD_IRQHandler ; PVD through EX
                                                            TI Line detect
   56 00000048 00000000        DCD              TAMPER_IRQHandler ; Tamper
   57 0000004C 00000000        DCD              RTC_IRQHandler ; RTC
   58 00000050 00000000        DCD              FLASH_IRQHandler ; Flash
   59 00000054 00000000        DCD              RCC_IRQHandler ; RCC
   60 00000058 00000000        DCD              EXTI0_IRQHandler ; EXTI Line 0
   61 0000005C 00000000        DCD              EXTI1_IRQHandler ; EXTI Line 1
   62 00000060 00000000        DCD              EXTI2_IRQHandler ; EXTI Line 2
   63 00000064 00000000        DCD              EXTI3_IRQHandler ; EXTI Line 3
   64 00000068 00000000        DCD              EXTI4_IRQHandler ; EXTI Line 4
   65 0000006C 00000000        DCD              DMA1_Channel1_IRQHandler 
                                                            ; DMA1 Channel 1
   66 00000070 00000000        DCD              DMA1_Channel2_IRQHandler 
                                                            ; DMA1 Channel 2
   67 00000074 00000000        DCD              DMA1_Channel3_IRQHandler 
                                                            ; DMA1 Channel 3
   68 00000078 00000000        DCD              DMA1_Channel4_IRQHandler 
                                                            ; DMA1 Channel 4
   69 0000007C 00000000        DCD              DMA1_Channel5_IRQHandler 
                                                            ; DMA1 Channel 5
   70 00000080 00000000        DCD              DMA1_Channel6_IRQHandler 
                                                            ; DMA1 Channel 6
   71 00000084 00000000        DCD              DMA1_Channel7_IRQHandler 
                                                            ; DMA1 Channel 7
   72 00000088 00000000        DCD              ADC1_2_IRQHandler ; ADC1_2
   73 0000008C 00000000        DCD              USB_HP_CAN1_TX_IRQHandler ; USB
                                                             High Priority or C
                                                            AN1 TX
   74 00000090 00000000        DCD              USB_LP_CAN1_RX0_IRQHandler ; US
                                                            B Low  Priority or 
                                                            CAN1 RX0
   75 00000094 00000000        DCD              CAN1_RX1_IRQHandler ; CAN1 RX1
   76 00000098 00000000        DCD              CAN1_SCE_IRQHandler ; CAN1 SCE
   77 0000009C 00000000        DCD              EXTI9_5_IRQHandler 
                                                            ; EXTI Line 9..5
   78 000000A0 00000000        DCD              TIM1_BRK_IRQHandler 
                                                            ; TIM1 Break
   79 000000A4 00000000        DCD              TIM1_UP_IRQHandler 
                                                            ; TIM1 Update
   80 000000A8 00000000        DCD              TIM1_TRG_COM_IRQHandler ; TIM1 
                                                            Trigger and Commuta
                                                            tion
   81 000000AC 00000000        DCD              TIM1_CC_IRQHandler ; TIM1 Captu



ARM Macro Assembler    Page 3 


                                                            re Compare
   82 000000B0 00000000        DCD              TIM2_IRQHandler ; TIM2
   83 000000B4 00000000        DCD              TIM3_IRQHandler ; TIM3
   84 000000B8 00000000        DCD              TIM4_IRQHandler ; TIM4
   85 000000BC 00000000        DCD              I2C1_EV_IRQHandler ; I2C1 Event
                                                            
   86 000000C0 00000000        DCD              I2C1_ER_IRQHandler ; I2C1 Error
                                                            
   87 000000C4 00000000        DCD              I2C2_EV_IRQHandler ; I2C2 Event
                                                            
   88 000000C8 00000000        DCD              I2C2_ER_IRQHandler ; I2C2 Error
                                                            
   89 000000CC 00000000        DCD              SPI1_IRQHandler ; SPI1
   90 000000D0 00000000        DCD              SPI2_IRQHandler ; SPI2
   91 000000D4 00000000        DCD              USART1_IRQHandler ; USART1
   92 000000D8 00000000        DCD              USART2_IRQHandler ; USART2
   93 000000DC 00000000        DCD              USART3_IRQHandler ; USART3
   94 000000E0 00000000        DCD              EXTI15_10_IRQHandler 
                                                            ; EXTI Line 15..10
   95 000000E4 00000000        DCD              RTCAlarm_IRQHandler ; RTC Alarm
                                                             through EXTI Line 
                                                            17
   96 000000E8 00000000        DCD              USBWakeUp_IRQHandler ; USB Wake
                                                            up from suspend
   97 000000EC 00000000        DCD              CPT1_IRQHandler ; CPT1 througn 
                                                             EXTI Line 19
   98 000000F0 00000000        DCD              CPT2_IRQHandler ; CPT2 througn 
                                                             EXTI Line 20
   99 000000F4         __Vectors_End
  100 000000F4         
  101 000000F4 000000F4 
                       __Vectors_Size
                               EQU              __Vectors_End - __Vectors
  102 000000F4         
  103 000000F4                 AREA             |.text|, CODE, READONLY
  104 00000000         
  105 00000000         ; Reset handler
  106 00000000         Reset_Handler
                               PROC
  107 00000000                 EXPORT           Reset_Handler             [WEAK
]
  108 00000000                 IMPORT           __main
  109 00000000                 IMPORT           SystemInit
  110 00000000 4809            LDR              R0, =SystemInit
  111 00000002 4780            BLX              R0
  112 00000004 4809            LDR              R0, =__main
  113 00000006 4700            BX               R0
  114 00000008                 ENDP
  115 00000008         
  116 00000008         ; Dummy Exception Handlers (infinite loops which can be 
                       modified)
  117 00000008         
  118 00000008         NMI_Handler
                               PROC
  119 00000008                 EXPORT           NMI_Handler                [WEA
K]
  120 00000008 E7FE            B                .
  121 0000000A                 ENDP
  123 0000000A         HardFault_Handler



ARM Macro Assembler    Page 4 


                               PROC
  124 0000000A                 EXPORT           HardFault_Handler          [WEA
K]
  125 0000000A E7FE            B                .
  126 0000000C                 ENDP
  128 0000000C         MemManage_Handler
                               PROC
  129 0000000C                 EXPORT           MemManage_Handler          [WEA
K]
  130 0000000C E7FE            B                .
  131 0000000E                 ENDP
  133 0000000E         BusFault_Handler
                               PROC
  134 0000000E                 EXPORT           BusFault_Handler           [WEA
K]
  135 0000000E E7FE            B                .
  136 00000010                 ENDP
  138 00000010         UsageFault_Handler
                               PROC
  139 00000010                 EXPORT           UsageFault_Handler         [WEA
K]
  140 00000010 E7FE            B                .
  141 00000012                 ENDP
  142 00000012         SVC_Handler
                               PROC
  143 00000012                 EXPORT           SVC_Handler                [WEA
K]
  144 00000012 E7FE            B                .
  145 00000014                 ENDP
  147 00000014         DebugMon_Handler
                               PROC
  148 00000014                 EXPORT           DebugMon_Handler           [WEA
K]
  149 00000014 E7FE            B                .
  150 00000016                 ENDP
  151 00000016         PendSV_Handler
                               PROC
  152 00000016                 EXPORT           PendSV_Handler             [WEA
K]
  153 00000016 E7FE            B                .
  154 00000018                 ENDP
  155 00000018         SysTick_Handler
                               PROC
  156 00000018                 EXPORT           SysTick_Handler            [WEA
K]
  157 00000018 E7FE            B                .
  158 0000001A                 ENDP
  159 0000001A         
  160 0000001A         Default_Handler
                               PROC
  161 0000001A         
  162 0000001A                 EXPORT           WWDG_IRQHandler            [WEA
K]
  163 0000001A                 EXPORT           PVD_IRQHandler             [WEA
K]
  164 0000001A                 EXPORT           TAMPER_IRQHandler          [WEA
K]
  165 0000001A                 EXPORT           RTC_IRQHandler             [WEA
K]



ARM Macro Assembler    Page 5 


  166 0000001A                 EXPORT           FLASH_IRQHandler           [WEA
K]
  167 0000001A                 EXPORT           RCC_IRQHandler             [WEA
K]
  168 0000001A                 EXPORT           EXTI0_IRQHandler           [WEA
K]
  169 0000001A                 EXPORT           EXTI1_IRQHandler           [WEA
K]
  170 0000001A                 EXPORT           EXTI2_IRQHandler           [WEA
K]
  171 0000001A                 EXPORT           EXTI3_IRQHandler           [WEA
K]
  172 0000001A                 EXPORT           EXTI4_IRQHandler           [WEA
K]
  173 0000001A                 EXPORT           DMA1_Channel1_IRQHandler   [WEA
K]
  174 0000001A                 EXPORT           DMA1_Channel2_IRQHandler   [WEA
K]
  175 0000001A                 EXPORT           DMA1_Channel3_IRQHandler   [WEA
K]
  176 0000001A                 EXPORT           DMA1_Channel4_IRQHandler   [WEA
K]
  177 0000001A                 EXPORT           DMA1_Channel5_IRQHandler   [WEA
K]
  178 0000001A                 EXPORT           DMA1_Channel6_IRQHandler   [WEA
K]
  179 0000001A                 EXPORT           DMA1_Channel7_IRQHandler   [WEA
K]
  180 0000001A                 EXPORT           ADC1_2_IRQHandler          [WEA
K]
  181 0000001A                 EXPORT           USB_HP_CAN1_TX_IRQHandler  [WEA
K]
  182 0000001A                 EXPORT           USB_LP_CAN1_RX0_IRQHandler [WEA
K]
  183 0000001A                 EXPORT           CAN1_RX1_IRQHandler        [WEA
K]
  184 0000001A                 EXPORT           CAN1_SCE_IRQHandler        [WEA
K]
  185 0000001A                 EXPORT           EXTI9_5_IRQHandler         [WEA
K]
  186 0000001A                 EXPORT           TIM1_BRK_IRQHandler        [WEA
K]
  187 0000001A                 EXPORT           TIM1_UP_IRQHandler         [WEA
K]
  188 0000001A                 EXPORT           TIM1_TRG_COM_IRQHandler    [WEA
K]
  189 0000001A                 EXPORT           TIM1_CC_IRQHandler         [WEA
K]
  190 0000001A                 EXPORT           TIM2_IRQHandler            [WEA
K]
  191 0000001A                 EXPORT           TIM3_IRQHandler            [WEA
K]
  192 0000001A                 EXPORT           TIM4_IRQHandler            [WEA
K]
  193 0000001A                 EXPORT           I2C1_EV_IRQHandler         [WEA
K]
  194 0000001A                 EXPORT           I2C1_ER_IRQHandler         [WEA
K]
  195 0000001A                 EXPORT           I2C2_EV_IRQHandler         [WEA



ARM Macro Assembler    Page 6 


K]
  196 0000001A                 EXPORT           I2C2_ER_IRQHandler         [WEA
K]
  197 0000001A                 EXPORT           SPI1_IRQHandler            [WEA
K]
  198 0000001A                 EXPORT           SPI2_IRQHandler            [WEA
K]
  199 0000001A                 EXPORT           USART1_IRQHandler          [WEA
K]
  200 0000001A                 EXPORT           USART2_IRQHandler          [WEA
K]
  201 0000001A                 EXPORT           USART3_IRQHandler          [WEA
K]
  202 0000001A                 EXPORT           EXTI15_10_IRQHandler       [WEA
K]
  203 0000001A                 EXPORT           RTCAlarm_IRQHandler        [WEA
K]
  204 0000001A                 EXPORT           USBWakeUp_IRQHandler       [WEA
K]
  205 0000001A                 EXPORT           CPT1_IRQHandler            [WEA
K]
  206 0000001A                 EXPORT           CPT2_IRQHandler            [WEA
K]
  207 0000001A         
  208 0000001A         WWDG_IRQHandler
  209 0000001A         PVD_IRQHandler
  210 0000001A         TAMPER_IRQHandler
  211 0000001A         RTC_IRQHandler
  212 0000001A         FLASH_IRQHandler
  213 0000001A         RCC_IRQHandler
  214 0000001A         EXTI0_IRQHandler
  215 0000001A         EXTI1_IRQHandler
  216 0000001A         EXTI2_IRQHandler
  217 0000001A         EXTI3_IRQHandler
  218 0000001A         EXTI4_IRQHandler
  219 0000001A         DMA1_Channel1_IRQHandler
  220 0000001A         DMA1_Channel2_IRQHandler
  221 0000001A         DMA1_Channel3_IRQHandler
  222 0000001A         DMA1_Channel4_IRQHandler
  223 0000001A         DMA1_Channel5_IRQHandler
  224 0000001A         DMA1_Channel6_IRQHandler
  225 0000001A         DMA1_Channel7_IRQHandler
  226 0000001A         ADC1_2_IRQHandler
  227 0000001A         USB_HP_CAN1_TX_IRQHandler
  228 0000001A         USB_LP_CAN1_RX0_IRQHandler
  229 0000001A         CAN1_RX1_IRQHandler
  230 0000001A         CAN1_SCE_IRQHandler
  231 0000001A         EXTI9_5_IRQHandler
  232 0000001A         TIM1_BRK_IRQHandler
  233 0000001A         TIM1_UP_IRQHandler
  234 0000001A         TIM1_TRG_COM_IRQHandler
  235 0000001A         TIM1_CC_IRQHandler
  236 0000001A         TIM2_IRQHandler
  237 0000001A         TIM3_IRQHandler
  238 0000001A         TIM4_IRQHandler
  239 0000001A         I2C1_EV_IRQHandler
  240 0000001A         I2C1_ER_IRQHandler
  241 0000001A         I2C2_EV_IRQHandler
  242 0000001A         I2C2_ER_IRQHandler



ARM Macro Assembler    Page 7 


  243 0000001A         SPI1_IRQHandler
  244 0000001A         SPI2_IRQHandler
  245 0000001A         USART1_IRQHandler
  246 0000001A         USART2_IRQHandler
  247 0000001A         USART3_IRQHandler
  248 0000001A         EXTI15_10_IRQHandler
  249 0000001A         RTCAlarm_IRQHandler
  250 0000001A         USBWakeUp_IRQHandler
  251 0000001A         CPT1_IRQHandler
  252 0000001A         CPT2_IRQHandler
  253 0000001A         
  254 0000001A         
  255 0000001A E7FE            B                .
  256 0000001C         
  257 0000001C                 ENDP
  258 0000001C         
  259 0000001C                 ALIGN
  260 0000001C         
  261 0000001C         ;*******************************************************
                       ************************
  262 0000001C         ; User Stack and Heap initialization
  263 0000001C         ;*******************************************************
                       ************************
  264 0000001C                 IF               :DEF:__MICROLIB
  271 0000001C         
  272 0000001C                 IMPORT           __use_two_region_memory
  273 0000001C                 EXPORT           __user_initial_stackheap
  274 0000001C         
  275 0000001C         __user_initial_stackheap
  276 0000001C         
  277 0000001C 4804            LDR              R0, =  Heap_Mem
  278 0000001E 4905            LDR              R1, =(Stack_Mem + Stack_Size)
  279 00000020 4A05            LDR              R2, = (Heap_Mem +  Heap_Size)
  280 00000022 4B06            LDR              R3, = Stack_Mem
  281 00000024 4770            BX               LR
  282 00000026         
  283 00000026 00 00           ALIGN
  284 00000028         
  285 00000028                 ENDIF
  286 00000028         
  287 00000028                 END
              00000000 
              00000000 
              00000000 
              00000400 
              00000200 
              00000000 
Command Line: --debug --xref --diag_suppress=9931 --cpu=Cortex-M3 --apcs=interw
ork --depend=.\objects\startup_mm32x103_md.d -o.\objects\startup_mm32x103_md.o 
-IE:\GitWork\MM32_RTT_EVB\Prj\keil\RTE -ID:\Keil_v5\ARM\PACK\ARM\CMSIS\5.5.1\CM
SIS\Core\Include -ID:\Keil_v5\ARM\PACK\MindMotion\MM32x103_DFP\1.1.0\Device\Inc
lude --predefine="__UVISION_VERSION SETA 518" --predefine="_RTE_ SETA 1" --pred
efine="MM32x103_MD SETA 1" --list=.\listings\startup_mm32x103_md.lst ..\..\Chip
\system\arm\startup_MM32x103_md.s



ARM Macro Assembler    Page 1 Alphabetic symbol ordering
Relocatable symbols

STACK 00000000

Symbol: STACK
   Definitions
      At line 10 in file ..\..\Chip\system\arm\startup_MM32x103_md.s
   Uses
      None
Comment: STACK unused
Stack_Mem 00000000

Symbol: Stack_Mem
   Definitions
      At line 11 in file ..\..\Chip\system\arm\startup_MM32x103_md.s
   Uses
      At line 278 in file ..\..\Chip\system\arm\startup_MM32x103_md.s
      At line 280 in file ..\..\Chip\system\arm\startup_MM32x103_md.s

__initial_sp 00000400

Symbol: __initial_sp
   Definitions
      At line 12 in file ..\..\Chip\system\arm\startup_MM32x103_md.s
   Uses
      At line 36 in file ..\..\Chip\system\arm\startup_MM32x103_md.s
Comment: __initial_sp used once
3 symbols



ARM Macro Assembler    Page 1 Alphabetic symbol ordering
Relocatable symbols

HEAP 00000000

Symbol: HEAP
   Definitions
      At line 21 in file ..\..\Chip\system\arm\startup_MM32x103_md.s
   Uses
      None
Comment: HEAP unused
Heap_Mem 00000000

Symbol: Heap_Mem
   Definitions
      At line 23 in file ..\..\Chip\system\arm\startup_MM32x103_md.s
   Uses
      At line 277 in file ..\..\Chip\system\arm\startup_MM32x103_md.s
      At line 279 in file ..\..\Chip\system\arm\startup_MM32x103_md.s

__heap_base 00000000

Symbol: __heap_base
   Definitions
      At line 22 in file ..\..\Chip\system\arm\startup_MM32x103_md.s
   Uses
      None
Comment: __heap_base unused
__heap_limit 00000200

Symbol: __heap_limit
   Definitions
      At line 24 in file ..\..\Chip\system\arm\startup_MM32x103_md.s
   Uses
      None
Comment: __heap_limit unused
4 symbols



ARM Macro Assembler    Page 1 Alphabetic symbol ordering
Relocatable symbols

RESET 00000000

Symbol: RESET
   Definitions
      At line 31 in file ..\..\Chip\system\arm\startup_MM32x103_md.s
   Uses
      None
Comment: RESET unused
__Vectors 00000000

Symbol: __Vectors
   Definitions
      At line 36 in file ..\..\Chip\system\arm\startup_MM32x103_md.s
   Uses
      At line 32 in file ..\..\Chip\system\arm\startup_MM32x103_md.s
      At line 101 in file ..\..\Chip\system\arm\startup_MM32x103_md.s

__Vectors_End 000000F4

Symbol: __Vectors_End
   Definitions
      At line 99 in file ..\..\Chip\system\arm\startup_MM32x103_md.s
   Uses
      At line 33 in file ..\..\Chip\system\arm\startup_MM32x103_md.s
      At line 101 in file ..\..\Chip\system\arm\startup_MM32x103_md.s

3 symbols



ARM Macro Assembler    Page 1 Alphabetic symbol ordering
Relocatable symbols

.text 00000000

Symbol: .text
   Definitions
      At line 103 in file ..\..\Chip\system\arm\startup_MM32x103_md.s
   Uses
      None
Comment: .text unused
ADC1_2_IRQHandler 0000001A

Symbol: ADC1_2_IRQHandler
   Definitions
      At line 226 in file ..\..\Chip\system\arm\startup_MM32x103_md.s
   Uses
      At line 72 in file ..\..\Chip\system\arm\startup_MM32x103_md.s
      At line 180 in file ..\..\Chip\system\arm\startup_MM32x103_md.s

BusFault_Handler 0000000E

Symbol: BusFault_Handler
   Definitions
      At line 133 in file ..\..\Chip\system\arm\startup_MM32x103_md.s
   Uses
      At line 41 in file ..\..\Chip\system\arm\startup_MM32x103_md.s
      At line 134 in file ..\..\Chip\system\arm\startup_MM32x103_md.s

CAN1_RX1_IRQHandler 0000001A

Symbol: CAN1_RX1_IRQHandler
   Definitions
      At line 229 in file ..\..\Chip\system\arm\startup_MM32x103_md.s
   Uses
      At line 75 in file ..\..\Chip\system\arm\startup_MM32x103_md.s
      At line 183 in file ..\..\Chip\system\arm\startup_MM32x103_md.s

CAN1_SCE_IRQHandler 0000001A

Symbol: CAN1_SCE_IRQHandler
   Definitions
      At line 230 in file ..\..\Chip\system\arm\startup_MM32x103_md.s
   Uses
      At line 76 in file ..\..\Chip\system\arm\startup_MM32x103_md.s
      At line 184 in file ..\..\Chip\system\arm\startup_MM32x103_md.s

CPT1_IRQHandler 0000001A

Symbol: CPT1_IRQHandler
   Definitions
      At line 251 in file ..\..\Chip\system\arm\startup_MM32x103_md.s
   Uses
      At line 97 in file ..\..\Chip\system\arm\startup_MM32x103_md.s
      At line 205 in file ..\..\Chip\system\arm\startup_MM32x103_md.s

CPT2_IRQHandler 0000001A

Symbol: CPT2_IRQHandler
   Definitions
      At line 252 in file ..\..\Chip\system\arm\startup_MM32x103_md.s
   Uses



ARM Macro Assembler    Page 2 Alphabetic symbol ordering
Relocatable symbols

      At line 98 in file ..\..\Chip\system\arm\startup_MM32x103_md.s
      At line 206 in file ..\..\Chip\system\arm\startup_MM32x103_md.s

DMA1_Channel1_IRQHandler 0000001A

Symbol: DMA1_Channel1_IRQHandler
   Definitions
      At line 219 in file ..\..\Chip\system\arm\startup_MM32x103_md.s
   Uses
      At line 65 in file ..\..\Chip\system\arm\startup_MM32x103_md.s
      At line 173 in file ..\..\Chip\system\arm\startup_MM32x103_md.s

DMA1_Channel2_IRQHandler 0000001A

Symbol: DMA1_Channel2_IRQHandler
   Definitions
      At line 220 in file ..\..\Chip\system\arm\startup_MM32x103_md.s
   Uses
      At line 66 in file ..\..\Chip\system\arm\startup_MM32x103_md.s
      At line 174 in file ..\..\Chip\system\arm\startup_MM32x103_md.s

DMA1_Channel3_IRQHandler 0000001A

Symbol: DMA1_Channel3_IRQHandler
   Definitions
      At line 221 in file ..\..\Chip\system\arm\startup_MM32x103_md.s
   Uses
      At line 67 in file ..\..\Chip\system\arm\startup_MM32x103_md.s
      At line 175 in file ..\..\Chip\system\arm\startup_MM32x103_md.s

DMA1_Channel4_IRQHandler 0000001A

Symbol: DMA1_Channel4_IRQHandler
   Definitions
      At line 222 in file ..\..\Chip\system\arm\startup_MM32x103_md.s
   Uses
      At line 68 in file ..\..\Chip\system\arm\startup_MM32x103_md.s
      At line 176 in file ..\..\Chip\system\arm\startup_MM32x103_md.s

DMA1_Channel5_IRQHandler 0000001A

Symbol: DMA1_Channel5_IRQHandler
   Definitions
      At line 223 in file ..\..\Chip\system\arm\startup_MM32x103_md.s
   Uses
      At line 69 in file ..\..\Chip\system\arm\startup_MM32x103_md.s
      At line 177 in file ..\..\Chip\system\arm\startup_MM32x103_md.s

DMA1_Channel6_IRQHandler 0000001A

Symbol: DMA1_Channel6_IRQHandler
   Definitions
      At line 224 in file ..\..\Chip\system\arm\startup_MM32x103_md.s
   Uses
      At line 70 in file ..\..\Chip\system\arm\startup_MM32x103_md.s
      At line 178 in file ..\..\Chip\system\arm\startup_MM32x103_md.s

DMA1_Channel7_IRQHandler 0000001A




ARM Macro Assembler    Page 3 Alphabetic symbol ordering
Relocatable symbols

Symbol: DMA1_Channel7_IRQHandler
   Definitions
      At line 225 in file ..\..\Chip\system\arm\startup_MM32x103_md.s
   Uses
      At line 71 in file ..\..\Chip\system\arm\startup_MM32x103_md.s
      At line 179 in file ..\..\Chip\system\arm\startup_MM32x103_md.s

DebugMon_Handler 00000014

Symbol: DebugMon_Handler
   Definitions
      At line 147 in file ..\..\Chip\system\arm\startup_MM32x103_md.s
   Uses
      At line 48 in file ..\..\Chip\system\arm\startup_MM32x103_md.s
      At line 148 in file ..\..\Chip\system\arm\startup_MM32x103_md.s

Default_Handler 0000001A

Symbol: Default_Handler
   Definitions
      At line 160 in file ..\..\Chip\system\arm\startup_MM32x103_md.s
   Uses
      None
Comment: Default_Handler unused
EXTI0_IRQHandler 0000001A

Symbol: EXTI0_IRQHandler
   Definitions
      At line 214 in file ..\..\Chip\system\arm\startup_MM32x103_md.s
   Uses
      At line 60 in file ..\..\Chip\system\arm\startup_MM32x103_md.s
      At line 168 in file ..\..\Chip\system\arm\startup_MM32x103_md.s

EXTI15_10_IRQHandler 0000001A

Symbol: EXTI15_10_IRQHandler
   Definitions
      At line 248 in file ..\..\Chip\system\arm\startup_MM32x103_md.s
   Uses
      At line 94 in file ..\..\Chip\system\arm\startup_MM32x103_md.s
      At line 202 in file ..\..\Chip\system\arm\startup_MM32x103_md.s

EXTI1_IRQHandler 0000001A

Symbol: EXTI1_IRQHandler
   Definitions
      At line 215 in file ..\..\Chip\system\arm\startup_MM32x103_md.s
   Uses
      At line 61 in file ..\..\Chip\system\arm\startup_MM32x103_md.s
      At line 169 in file ..\..\Chip\system\arm\startup_MM32x103_md.s

EXTI2_IRQHandler 0000001A

Symbol: EXTI2_IRQHandler
   Definitions
      At line 216 in file ..\..\Chip\system\arm\startup_MM32x103_md.s
   Uses
      At line 62 in file ..\..\Chip\system\arm\startup_MM32x103_md.s
      At line 170 in file ..\..\Chip\system\arm\startup_MM32x103_md.s



ARM Macro Assembler    Page 4 Alphabetic symbol ordering
Relocatable symbols


EXTI3_IRQHandler 0000001A

Symbol: EXTI3_IRQHandler
   Definitions
      At line 217 in file ..\..\Chip\system\arm\startup_MM32x103_md.s
   Uses
      At line 63 in file ..\..\Chip\system\arm\startup_MM32x103_md.s
      At line 171 in file ..\..\Chip\system\arm\startup_MM32x103_md.s

EXTI4_IRQHandler 0000001A

Symbol: EXTI4_IRQHandler
   Definitions
      At line 218 in file ..\..\Chip\system\arm\startup_MM32x103_md.s
   Uses
      At line 64 in file ..\..\Chip\system\arm\startup_MM32x103_md.s
      At line 172 in file ..\..\Chip\system\arm\startup_MM32x103_md.s

EXTI9_5_IRQHandler 0000001A

Symbol: EXTI9_5_IRQHandler
   Definitions
      At line 231 in file ..\..\Chip\system\arm\startup_MM32x103_md.s
   Uses
      At line 77 in file ..\..\Chip\system\arm\startup_MM32x103_md.s
      At line 185 in file ..\..\Chip\system\arm\startup_MM32x103_md.s

FLASH_IRQHandler 0000001A

Symbol: FLASH_IRQHandler
   Definitions
      At line 212 in file ..\..\Chip\system\arm\startup_MM32x103_md.s
   Uses
      At line 58 in file ..\..\Chip\system\arm\startup_MM32x103_md.s
      At line 166 in file ..\..\Chip\system\arm\startup_MM32x103_md.s

HardFault_Handler 0000000A

Symbol: HardFault_Handler
   Definitions
      At line 123 in file ..\..\Chip\system\arm\startup_MM32x103_md.s
   Uses
      At line 39 in file ..\..\Chip\system\arm\startup_MM32x103_md.s
      At line 124 in file ..\..\Chip\system\arm\startup_MM32x103_md.s

I2C1_ER_IRQHandler 0000001A

Symbol: I2C1_ER_IRQHandler
   Definitions
      At line 240 in file ..\..\Chip\system\arm\startup_MM32x103_md.s
   Uses
      At line 86 in file ..\..\Chip\system\arm\startup_MM32x103_md.s
      At line 194 in file ..\..\Chip\system\arm\startup_MM32x103_md.s

I2C1_EV_IRQHandler 0000001A

Symbol: I2C1_EV_IRQHandler
   Definitions



ARM Macro Assembler    Page 5 Alphabetic symbol ordering
Relocatable symbols

      At line 239 in file ..\..\Chip\system\arm\startup_MM32x103_md.s
   Uses
      At line 85 in file ..\..\Chip\system\arm\startup_MM32x103_md.s
      At line 193 in file ..\..\Chip\system\arm\startup_MM32x103_md.s

I2C2_ER_IRQHandler 0000001A

Symbol: I2C2_ER_IRQHandler
   Definitions
      At line 242 in file ..\..\Chip\system\arm\startup_MM32x103_md.s
   Uses
      At line 88 in file ..\..\Chip\system\arm\startup_MM32x103_md.s
      At line 196 in file ..\..\Chip\system\arm\startup_MM32x103_md.s

I2C2_EV_IRQHandler 0000001A

Symbol: I2C2_EV_IRQHandler
   Definitions
      At line 241 in file ..\..\Chip\system\arm\startup_MM32x103_md.s
   Uses
      At line 87 in file ..\..\Chip\system\arm\startup_MM32x103_md.s
      At line 195 in file ..\..\Chip\system\arm\startup_MM32x103_md.s

MemManage_Handler 0000000C

Symbol: MemManage_Handler
   Definitions
      At line 128 in file ..\..\Chip\system\arm\startup_MM32x103_md.s
   Uses
      At line 40 in file ..\..\Chip\system\arm\startup_MM32x103_md.s
      At line 129 in file ..\..\Chip\system\arm\startup_MM32x103_md.s

NMI_Handler 00000008

Symbol: NMI_Handler
   Definitions
      At line 118 in file ..\..\Chip\system\arm\startup_MM32x103_md.s
   Uses
      At line 38 in file ..\..\Chip\system\arm\startup_MM32x103_md.s
      At line 119 in file ..\..\Chip\system\arm\startup_MM32x103_md.s

PVD_IRQHandler 0000001A

Symbol: PVD_IRQHandler
   Definitions
      At line 209 in file ..\..\Chip\system\arm\startup_MM32x103_md.s
   Uses
      At line 55 in file ..\..\Chip\system\arm\startup_MM32x103_md.s
      At line 163 in file ..\..\Chip\system\arm\startup_MM32x103_md.s

PendSV_Handler 00000016

Symbol: PendSV_Handler
   Definitions
      At line 151 in file ..\..\Chip\system\arm\startup_MM32x103_md.s
   Uses
      At line 50 in file ..\..\Chip\system\arm\startup_MM32x103_md.s
      At line 152 in file ..\..\Chip\system\arm\startup_MM32x103_md.s




ARM Macro Assembler    Page 6 Alphabetic symbol ordering
Relocatable symbols

RCC_IRQHandler 0000001A

Symbol: RCC_IRQHandler
   Definitions
      At line 213 in file ..\..\Chip\system\arm\startup_MM32x103_md.s
   Uses
      At line 59 in file ..\..\Chip\system\arm\startup_MM32x103_md.s
      At line 167 in file ..\..\Chip\system\arm\startup_MM32x103_md.s

RTCAlarm_IRQHandler 0000001A

Symbol: RTCAlarm_IRQHandler
   Definitions
      At line 249 in file ..\..\Chip\system\arm\startup_MM32x103_md.s
   Uses
      At line 95 in file ..\..\Chip\system\arm\startup_MM32x103_md.s
      At line 203 in file ..\..\Chip\system\arm\startup_MM32x103_md.s

RTC_IRQHandler 0000001A

Symbol: RTC_IRQHandler
   Definitions
      At line 211 in file ..\..\Chip\system\arm\startup_MM32x103_md.s
   Uses
      At line 57 in file ..\..\Chip\system\arm\startup_MM32x103_md.s
      At line 165 in file ..\..\Chip\system\arm\startup_MM32x103_md.s

Reset_Handler 00000000

Symbol: Reset_Handler
   Definitions
      At line 106 in file ..\..\Chip\system\arm\startup_MM32x103_md.s
   Uses
      At line 37 in file ..\..\Chip\system\arm\startup_MM32x103_md.s
      At line 107 in file ..\..\Chip\system\arm\startup_MM32x103_md.s

SPI1_IRQHandler 0000001A

Symbol: SPI1_IRQHandler
   Definitions
      At line 243 in file ..\..\Chip\system\arm\startup_MM32x103_md.s
   Uses
      At line 89 in file ..\..\Chip\system\arm\startup_MM32x103_md.s
      At line 197 in file ..\..\Chip\system\arm\startup_MM32x103_md.s

SPI2_IRQHandler 0000001A

Symbol: SPI2_IRQHandler
   Definitions
      At line 244 in file ..\..\Chip\system\arm\startup_MM32x103_md.s
   Uses
      At line 90 in file ..\..\Chip\system\arm\startup_MM32x103_md.s
      At line 198 in file ..\..\Chip\system\arm\startup_MM32x103_md.s

SVC_Handler 00000012

Symbol: SVC_Handler
   Definitions
      At line 142 in file ..\..\Chip\system\arm\startup_MM32x103_md.s



ARM Macro Assembler    Page 7 Alphabetic symbol ordering
Relocatable symbols

   Uses
      At line 47 in file ..\..\Chip\system\arm\startup_MM32x103_md.s
      At line 143 in file ..\..\Chip\system\arm\startup_MM32x103_md.s

SysTick_Handler 00000018

Symbol: SysTick_Handler
   Definitions
      At line 155 in file ..\..\Chip\system\arm\startup_MM32x103_md.s
   Uses
      At line 51 in file ..\..\Chip\system\arm\startup_MM32x103_md.s
      At line 156 in file ..\..\Chip\system\arm\startup_MM32x103_md.s

TAMPER_IRQHandler 0000001A

Symbol: TAMPER_IRQHandler
   Definitions
      At line 210 in file ..\..\Chip\system\arm\startup_MM32x103_md.s
   Uses
      At line 56 in file ..\..\Chip\system\arm\startup_MM32x103_md.s
      At line 164 in file ..\..\Chip\system\arm\startup_MM32x103_md.s

TIM1_BRK_IRQHandler 0000001A

Symbol: TIM1_BRK_IRQHandler
   Definitions
      At line 232 in file ..\..\Chip\system\arm\startup_MM32x103_md.s
   Uses
      At line 78 in file ..\..\Chip\system\arm\startup_MM32x103_md.s
      At line 186 in file ..\..\Chip\system\arm\startup_MM32x103_md.s

TIM1_CC_IRQHandler 0000001A

Symbol: TIM1_CC_IRQHandler
   Definitions
      At line 235 in file ..\..\Chip\system\arm\startup_MM32x103_md.s
   Uses
      At line 81 in file ..\..\Chip\system\arm\startup_MM32x103_md.s
      At line 189 in file ..\..\Chip\system\arm\startup_MM32x103_md.s

TIM1_TRG_COM_IRQHandler 0000001A

Symbol: TIM1_TRG_COM_IRQHandler
   Definitions
      At line 234 in file ..\..\Chip\system\arm\startup_MM32x103_md.s
   Uses
      At line 80 in file ..\..\Chip\system\arm\startup_MM32x103_md.s
      At line 188 in file ..\..\Chip\system\arm\startup_MM32x103_md.s

TIM1_UP_IRQHandler 0000001A

Symbol: TIM1_UP_IRQHandler
   Definitions
      At line 233 in file ..\..\Chip\system\arm\startup_MM32x103_md.s
   Uses
      At line 79 in file ..\..\Chip\system\arm\startup_MM32x103_md.s
      At line 187 in file ..\..\Chip\system\arm\startup_MM32x103_md.s

TIM2_IRQHandler 0000001A



ARM Macro Assembler    Page 8 Alphabetic symbol ordering
Relocatable symbols


Symbol: TIM2_IRQHandler
   Definitions
      At line 236 in file ..\..\Chip\system\arm\startup_MM32x103_md.s
   Uses
      At line 82 in file ..\..\Chip\system\arm\startup_MM32x103_md.s
      At line 190 in file ..\..\Chip\system\arm\startup_MM32x103_md.s

TIM3_IRQHandler 0000001A

Symbol: TIM3_IRQHandler
   Definitions
      At line 237 in file ..\..\Chip\system\arm\startup_MM32x103_md.s
   Uses
      At line 83 in file ..\..\Chip\system\arm\startup_MM32x103_md.s
      At line 191 in file ..\..\Chip\system\arm\startup_MM32x103_md.s

TIM4_IRQHandler 0000001A

Symbol: TIM4_IRQHandler
   Definitions
      At line 238 in file ..\..\Chip\system\arm\startup_MM32x103_md.s
   Uses
      At line 84 in file ..\..\Chip\system\arm\startup_MM32x103_md.s
      At line 192 in file ..\..\Chip\system\arm\startup_MM32x103_md.s

USART1_IRQHandler 0000001A

Symbol: USART1_IRQHandler
   Definitions
      At line 245 in file ..\..\Chip\system\arm\startup_MM32x103_md.s
   Uses
      At line 91 in file ..\..\Chip\system\arm\startup_MM32x103_md.s
      At line 199 in file ..\..\Chip\system\arm\startup_MM32x103_md.s

USART2_IRQHandler 0000001A

Symbol: USART2_IRQHandler
   Definitions
      At line 246 in file ..\..\Chip\system\arm\startup_MM32x103_md.s
   Uses
      At line 92 in file ..\..\Chip\system\arm\startup_MM32x103_md.s
      At line 200 in file ..\..\Chip\system\arm\startup_MM32x103_md.s

USART3_IRQHandler 0000001A

Symbol: USART3_IRQHandler
   Definitions
      At line 247 in file ..\..\Chip\system\arm\startup_MM32x103_md.s
   Uses
      At line 93 in file ..\..\Chip\system\arm\startup_MM32x103_md.s
      At line 201 in file ..\..\Chip\system\arm\startup_MM32x103_md.s

USBWakeUp_IRQHandler 0000001A

Symbol: USBWakeUp_IRQHandler
   Definitions
      At line 250 in file ..\..\Chip\system\arm\startup_MM32x103_md.s
   Uses



ARM Macro Assembler    Page 9 Alphabetic symbol ordering
Relocatable symbols

      At line 96 in file ..\..\Chip\system\arm\startup_MM32x103_md.s
      At line 204 in file ..\..\Chip\system\arm\startup_MM32x103_md.s

USB_HP_CAN1_TX_IRQHandler 0000001A

Symbol: USB_HP_CAN1_TX_IRQHandler
   Definitions
      At line 227 in file ..\..\Chip\system\arm\startup_MM32x103_md.s
   Uses
      At line 73 in file ..\..\Chip\system\arm\startup_MM32x103_md.s
      At line 181 in file ..\..\Chip\system\arm\startup_MM32x103_md.s

USB_LP_CAN1_RX0_IRQHandler 0000001A

Symbol: USB_LP_CAN1_RX0_IRQHandler
   Definitions
      At line 228 in file ..\..\Chip\system\arm\startup_MM32x103_md.s
   Uses
      At line 74 in file ..\..\Chip\system\arm\startup_MM32x103_md.s
      At line 182 in file ..\..\Chip\system\arm\startup_MM32x103_md.s

UsageFault_Handler 00000010

Symbol: UsageFault_Handler
   Definitions
      At line 138 in file ..\..\Chip\system\arm\startup_MM32x103_md.s
   Uses
      At line 42 in file ..\..\Chip\system\arm\startup_MM32x103_md.s
      At line 139 in file ..\..\Chip\system\arm\startup_MM32x103_md.s

WWDG_IRQHandler 0000001A

Symbol: WWDG_IRQHandler
   Definitions
      At line 208 in file ..\..\Chip\system\arm\startup_MM32x103_md.s
   Uses
      At line 54 in file ..\..\Chip\system\arm\startup_MM32x103_md.s
      At line 162 in file ..\..\Chip\system\arm\startup_MM32x103_md.s

__user_initial_stackheap 0000001C

Symbol: __user_initial_stackheap
   Definitions
      At line 275 in file ..\..\Chip\system\arm\startup_MM32x103_md.s
   Uses
      At line 273 in file ..\..\Chip\system\arm\startup_MM32x103_md.s
Comment: __user_initial_stackheap used once
58 symbols



ARM Macro Assembler    Page 1 Alphabetic symbol ordering
Absolute symbols

Heap_Size 00000200

Symbol: Heap_Size
   Definitions
      At line 19 in file ..\..\Chip\system\arm\startup_MM32x103_md.s
   Uses
      At line 23 in file ..\..\Chip\system\arm\startup_MM32x103_md.s
      At line 279 in file ..\..\Chip\system\arm\startup_MM32x103_md.s

Stack_Size 00000400

Symbol: Stack_Size
   Definitions
      At line 8 in file ..\..\Chip\system\arm\startup_MM32x103_md.s
   Uses
      At line 11 in file ..\..\Chip\system\arm\startup_MM32x103_md.s
      At line 278 in file ..\..\Chip\system\arm\startup_MM32x103_md.s

__Vectors_Size 000000F4

Symbol: __Vectors_Size
   Definitions
      At line 101 in file ..\..\Chip\system\arm\startup_MM32x103_md.s
   Uses
      At line 34 in file ..\..\Chip\system\arm\startup_MM32x103_md.s
Comment: __Vectors_Size used once
3 symbols



ARM Macro Assembler    Page 1 Alphabetic symbol ordering
External symbols

SystemInit 00000000

Symbol: SystemInit
   Definitions
      At line 109 in file ..\..\Chip\system\arm\startup_MM32x103_md.s
   Uses
      At line 110 in file ..\..\Chip\system\arm\startup_MM32x103_md.s
Comment: SystemInit used once
__main 00000000

Symbol: __main
   Definitions
      At line 108 in file ..\..\Chip\system\arm\startup_MM32x103_md.s
   Uses
      At line 112 in file ..\..\Chip\system\arm\startup_MM32x103_md.s
Comment: __main used once
__use_two_region_memory 00000000

Symbol: __use_two_region_memory
   Definitions
      At line 272 in file ..\..\Chip\system\arm\startup_MM32x103_md.s
   Uses
      None
Comment: __use_two_region_memory unused
3 symbols
411 symbols in table
